<?xml version="1.0" encoding="UTF-8"?>
<!-- Generated by org.testng.reporters.JUnitReportReporter -->
<testsuite hostname="DESKTOP-C3POGAD" failures="0" tests="1" name="testCases.TC_007_WishList" time="27.195" errors="0" timestamp="2022-01-21T14:02:14 EST" skipped="0">
  <testcase classname="testCases.TC_007_WishList" name="test_wishlist" time="27.195"/>
  <system-out/>
</testsuite> <!-- testCases.TC_007_WishList -->
