<?xml version="1.0" encoding="UTF-8"?>
<!-- Generated by org.testng.reporters.JUnitReportReporter -->
<testsuite hostname="DESKTOP-C3POGAD" failures="0" tests="1" name="testCases.TC_002_Login" time="10.308" errors="0" timestamp="2022-01-21T14:02:14 EST" skipped="0">
  <testcase classname="testCases.TC_002_Login" name="test_Login" time="10.308"/>
  <system-out/>
</testsuite> <!-- testCases.TC_002_Login -->
