<?xml version="1.0" encoding="UTF-8"?>
<!-- Generated by org.testng.reporters.JUnitReportReporter -->
<testsuite hostname="DESKTOP-C3POGAD" failures="0" tests="1" name="testCases.TC_010_ShoppingCart" time="38.915" errors="0" timestamp="2022-01-21T14:02:14 EST" skipped="0">
  <testcase classname="testCases.TC_010_ShoppingCart" name="test_ShoppingCart" time="38.915"/>
  <system-out/>
</testsuite> <!-- testCases.TC_010_ShoppingCart -->
