<?xml version="1.0" encoding="UTF-8"?>
<!-- Generated by org.testng.reporters.JUnitReportReporter -->
<testsuite hostname="DESKTOP-C3POGAD" failures="0" tests="4" name="testCases.TC_003_LoginDDT" time="41.909" errors="0" timestamp="2022-01-21T14:02:14 EST" skipped="0">
  <testcase classname="testCases.TC_003_LoginDDT" name="test_LoginDDT" time="12.046"/>
  <system-out/>
  <testcase classname="testCases.TC_003_LoginDDT" name="test_LoginDDT" time="12.096"/>
  <system-out/>
  <testcase classname="testCases.TC_003_LoginDDT" name="test_LoginDDT" time="12.197"/>
  <system-out/>
  <testcase classname="testCases.TC_003_LoginDDT" name="test_LoginDDT" time="5.570"/>
  <system-out/>
</testsuite> <!-- testCases.TC_003_LoginDDT -->
