<?xml version="1.0" encoding="UTF-8"?>
<!-- Generated by org.testng.reporters.JUnitReportReporter -->
<testsuite hostname="DESKTOP-C3POGAD" failures="0" tests="1" name="testCases.TC_004Search" time="17.291" errors="0" timestamp="2022-01-21T14:53:27 EST" skipped="0">
  <testcase classname="testCases.TC_004Search" name="test_search" time="17.291"/>
  <system-out/>
</testsuite> <!-- testCases.TC_004Search -->
