<?xml version="1.0" encoding="UTF-8"?>
<!-- Generated by org.testng.reporters.JUnitReportReporter -->
<testsuite hostname="DESKTOP-C3POGAD" failures="0" tests="1" name="testCases.TC_001_AccountRegistration" time="12.865" errors="0" timestamp="2022-01-21T14:53:27 EST" skipped="0">
  <testcase classname="testCases.TC_001_AccountRegistration" name="test_account_Registration" time="12.865"/>
  <system-out/>
</testsuite> <!-- testCases.TC_001_AccountRegistration -->
