<?xml version="1.0" encoding="UTF-8"?>
<!-- Generated by org.testng.reporters.JUnitReportReporter -->
<testsuite hostname="DESKTOP-C3POGAD" failures="0" tests="1" name="testCases.TC_008_ProductDisplayPage" time="17.257" errors="0" timestamp="2022-01-21T14:02:14 EST" skipped="0">
  <testcase classname="testCases.TC_008_ProductDisplayPage" name="test_productdisplay" time="17.257"/>
  <system-out/>
</testsuite> <!-- testCases.TC_008_ProductDisplayPage -->
